Dec 21, 2015 4:30:16 PM org.apache.catalina.startup.VersionLoggerListener log
INFO: Server version:        Apache Tomcat/7.0.67
Dec 21, 2015 4:30:16 PM org.apache.catalina.startup.VersionLoggerListener log
INFO: Server built:          Dec 7 2015 13:07:11 UTC
Dec 21, 2015 4:30:16 PM org.apache.catalina.startup.VersionLoggerListener log
INFO: Server number:         7.0.67.0
Dec 21, 2015 4:30:16 PM org.apache.catalina.startup.VersionLoggerListener log
INFO: OS Name:               Linux
Dec 21, 2015 4:30:16 PM org.apache.catalina.startup.VersionLoggerListener log
INFO: OS Version:            2.6.32-504.30.3.el6.x86_64
Dec 21, 2015 4:30:16 PM org.apache.catalina.startup.VersionLoggerListener log
INFO: Architecture:          amd64
Dec 21, 2015 4:30:16 PM org.apache.catalina.startup.VersionLoggerListener log
INFO: Java Home:             /usr/lib/jvm/java-1.7.0-openjdk-1.7.0.85.x86_64/jre
Dec 21, 2015 4:30:16 PM org.apache.catalina.startup.VersionLoggerListener log
INFO: JVM Version:           1.7.0_85-mockbuild_2015_07_15_12_57-b00
Dec 21, 2015 4:30:16 PM org.apache.catalina.startup.VersionLoggerListener log
INFO: JVM Vendor:            Oracle Corporation
Dec 21, 2015 4:30:16 PM org.apache.catalina.startup.VersionLoggerListener log
INFO: CATALINA_BASE:         /root/leaflet-hbase-rest/apache-tomcat-7.0.67
Dec 21, 2015 4:30:16 PM org.apache.catalina.startup.VersionLoggerListener log
INFO: CATALINA_HOME:         /root/leaflet-hbase-rest/apache-tomcat-7.0.67
Dec 21, 2015 4:30:16 PM org.apache.catalina.startup.VersionLoggerListener log
INFO: Command line argument: -Djava.util.logging.config.file=/root/leaflet-hbase-rest/apache-tomcat-7.0.67/conf/logging.properties
Dec 21, 2015 4:30:16 PM org.apache.catalina.startup.VersionLoggerListener log
INFO: Command line argument: -Djava.util.logging.manager=org.apache.juli.ClassLoaderLogManager
Dec 21, 2015 4:30:16 PM org.apache.catalina.startup.VersionLoggerListener log
INFO: Command line argument: -Djava.endorsed.dirs=/root/leaflet-hbase-rest/apache-tomcat-7.0.67/endorsed
Dec 21, 2015 4:30:16 PM org.apache.catalina.startup.VersionLoggerListener log
INFO: Command line argument: -Dcatalina.base=/root/leaflet-hbase-rest/apache-tomcat-7.0.67
Dec 21, 2015 4:30:16 PM org.apache.catalina.startup.VersionLoggerListener log
INFO: Command line argument: -Dcatalina.home=/root/leaflet-hbase-rest/apache-tomcat-7.0.67
Dec 21, 2015 4:30:16 PM org.apache.catalina.startup.VersionLoggerListener log
INFO: Command line argument: -Djava.io.tmpdir=/root/leaflet-hbase-rest/apache-tomcat-7.0.67/temp
Dec 21, 2015 4:30:16 PM org.apache.catalina.core.AprLifecycleListener lifecycleEvent
INFO: The APR based Apache Tomcat Native library which allows optimal performance in production environments was not found on the java.library.path: /usr/java/packages/lib/amd64:/usr/lib64:/lib64:/lib:/usr/lib
Dec 21, 2015 4:30:16 PM org.apache.coyote.AbstractProtocol init
INFO: Initializing ProtocolHandler ["http-bio-8086"]
Dec 21, 2015 4:30:16 PM org.apache.coyote.AbstractProtocol init
INFO: Initializing ProtocolHandler ["ajp-bio-8009"]
Dec 21, 2015 4:30:16 PM org.apache.catalina.startup.Catalina load
INFO: Initialization processed in 1794 ms
Dec 21, 2015 4:30:16 PM org.apache.catalina.core.StandardService startInternal
INFO: Starting service Catalina
Dec 21, 2015 4:30:16 PM org.apache.catalina.core.StandardEngine startInternal
INFO: Starting Servlet Engine: Apache Tomcat/7.0.67
Dec 21, 2015 4:30:16 PM org.apache.catalina.startup.HostConfig deployDirectory
INFO: Deploying web application directory /root/leaflet-hbase-rest/apache-tomcat-7.0.67/webapps/host-manager
Dec 21, 2015 4:30:18 PM org.apache.catalina.startup.HostConfig deployDirectory
INFO: Deployment of web application directory /root/leaflet-hbase-rest/apache-tomcat-7.0.67/webapps/host-manager has finished in 1,403 ms
Dec 21, 2015 4:30:18 PM org.apache.catalina.startup.HostConfig deployDirectory
INFO: Deploying web application directory /root/leaflet-hbase-rest/apache-tomcat-7.0.67/webapps/examples
Dec 21, 2015 4:30:19 PM org.apache.catalina.startup.HostConfig deployDirectory
INFO: Deployment of web application directory /root/leaflet-hbase-rest/apache-tomcat-7.0.67/webapps/examples has finished in 856 ms
Dec 21, 2015 4:30:19 PM org.apache.catalina.startup.HostConfig deployDirectory
INFO: Deploying web application directory /root/leaflet-hbase-rest/apache-tomcat-7.0.67/webapps/docs
Dec 21, 2015 4:30:19 PM org.apache.catalina.startup.HostConfig deployDirectory
INFO: Deployment of web application directory /root/leaflet-hbase-rest/apache-tomcat-7.0.67/webapps/docs has finished in 138 ms
Dec 21, 2015 4:30:19 PM org.apache.catalina.startup.HostConfig deployDirectory
INFO: Deploying web application directory /root/leaflet-hbase-rest/apache-tomcat-7.0.67/webapps/manager
Dec 21, 2015 4:30:19 PM org.apache.catalina.startup.HostConfig deployDirectory
INFO: Deployment of web application directory /root/leaflet-hbase-rest/apache-tomcat-7.0.67/webapps/manager has finished in 149 ms
Dec 21, 2015 4:30:19 PM org.apache.catalina.startup.HostConfig deployDirectory
INFO: Deploying web application directory /root/leaflet-hbase-rest/apache-tomcat-7.0.67/webapps/ROOT
Dec 21, 2015 4:30:19 PM org.apache.catalina.startup.HostConfig deployDirectory
INFO: Deployment of web application directory /root/leaflet-hbase-rest/apache-tomcat-7.0.67/webapps/ROOT has finished in 161 ms
Dec 21, 2015 4:30:19 PM org.apache.coyote.AbstractProtocol start
INFO: Starting ProtocolHandler ["http-bio-8086"]
Dec 21, 2015 4:30:19 PM org.apache.coyote.AbstractProtocol start
INFO: Starting ProtocolHandler ["ajp-bio-8009"]
Dec 21, 2015 4:30:19 PM org.apache.catalina.startup.Catalina start
INFO: Server startup in 2904 ms
Dec 21, 2015 4:31:59 PM org.apache.catalina.startup.HostConfig deployWAR
INFO: Deploying web application archive /root/leaflet-hbase-rest/apache-tomcat-7.0.67/webapps/leaflet-hbase-rest.war
Dec 21, 2015 4:32:01 PM org.apache.catalina.startup.TldConfig execute
INFO: At least one JAR was scanned for TLDs yet contained no TLDs. Enable debug logging for this logger for a complete list of JARs that were scanned but no TLDs were found in them. Skipping unneeded JARs during scanning can improve startup time and JSP compilation time.
Dec 21, 2015 4:32:01 PM org.apache.catalina.startup.HostConfig deployWAR
INFO: Deployment of web application archive /root/leaflet-hbase-rest/apache-tomcat-7.0.67/webapps/leaflet-hbase-rest.war has finished in 1,619 ms
Dec 21, 2015 4:40:52 PM org.apache.catalina.startup.HostConfig undeploy
INFO: Undeploying context [/leaflet-hbase-rest]
Dec 21, 2015 4:41:52 PM org.apache.catalina.startup.HostConfig deployWAR
INFO: Deploying web application archive /root/leaflet-hbase-rest/apache-tomcat-7.0.67/webapps/leaflet-hbase-rest.war
Dec 21, 2015 4:41:53 PM org.apache.catalina.startup.TldConfig execute
INFO: At least one JAR was scanned for TLDs yet contained no TLDs. Enable debug logging for this logger for a complete list of JARs that were scanned but no TLDs were found in them. Skipping unneeded JARs during scanning can improve startup time and JSP compilation time.
Dec 21, 2015 4:41:53 PM org.apache.catalina.startup.HostConfig deployWAR
INFO: Deployment of web application archive /root/leaflet-hbase-rest/apache-tomcat-7.0.67/webapps/leaflet-hbase-rest.war has finished in 962 ms
Dec 21, 2015 5:00:34 PM org.apache.catalina.startup.HostConfig undeploy
INFO: Undeploying context [/leaflet-hbase-rest]
