Jan 01, 2016 3:54:07 PM org.apache.catalina.startup.VersionLoggerListener log
INFO: Server version:        Apache Tomcat/7.0.67
Jan 01, 2016 3:54:07 PM org.apache.catalina.startup.VersionLoggerListener log
INFO: Server built:          Dec 7 2015 13:07:11 UTC
Jan 01, 2016 3:54:07 PM org.apache.catalina.startup.VersionLoggerListener log
INFO: Server number:         7.0.67.0
Jan 01, 2016 3:54:07 PM org.apache.catalina.startup.VersionLoggerListener log
INFO: OS Name:               Linux
Jan 01, 2016 3:54:07 PM org.apache.catalina.startup.VersionLoggerListener log
INFO: OS Version:            2.6.32-504.30.3.el6.x86_64
Jan 01, 2016 3:54:07 PM org.apache.catalina.startup.VersionLoggerListener log
INFO: Architecture:          amd64
Jan 01, 2016 3:54:07 PM org.apache.catalina.startup.VersionLoggerListener log
INFO: Java Home:             /usr/lib/jvm/java-1.7.0-openjdk-1.7.0.85.x86_64/jre
Jan 01, 2016 3:54:07 PM org.apache.catalina.startup.VersionLoggerListener log
INFO: JVM Version:           1.7.0_85-mockbuild_2015_07_15_12_57-b00
Jan 01, 2016 3:54:07 PM org.apache.catalina.startup.VersionLoggerListener log
INFO: JVM Vendor:            Oracle Corporation
Jan 01, 2016 3:54:07 PM org.apache.catalina.startup.VersionLoggerListener log
INFO: CATALINA_BASE:         /root/leaflet-hbase-rest/apache-tomcat-7.0.67
Jan 01, 2016 3:54:07 PM org.apache.catalina.startup.VersionLoggerListener log
INFO: CATALINA_HOME:         /root/leaflet-hbase-rest/apache-tomcat-7.0.67
Jan 01, 2016 3:54:07 PM org.apache.catalina.startup.VersionLoggerListener log
INFO: Command line argument: -Djava.util.logging.config.file=/root/leaflet-hbase-rest/apache-tomcat-7.0.67/conf/logging.properties
Jan 01, 2016 3:54:07 PM org.apache.catalina.startup.VersionLoggerListener log
INFO: Command line argument: -Djava.util.logging.manager=org.apache.juli.ClassLoaderLogManager
Jan 01, 2016 3:54:07 PM org.apache.catalina.startup.VersionLoggerListener log
INFO: Command line argument: -Djava.endorsed.dirs=/root/leaflet-hbase-rest/apache-tomcat-7.0.67/endorsed
Jan 01, 2016 3:54:07 PM org.apache.catalina.startup.VersionLoggerListener log
INFO: Command line argument: -Dcatalina.base=/root/leaflet-hbase-rest/apache-tomcat-7.0.67
Jan 01, 2016 3:54:07 PM org.apache.catalina.startup.VersionLoggerListener log
INFO: Command line argument: -Dcatalina.home=/root/leaflet-hbase-rest/apache-tomcat-7.0.67
Jan 01, 2016 3:54:07 PM org.apache.catalina.startup.VersionLoggerListener log
INFO: Command line argument: -Djava.io.tmpdir=/root/leaflet-hbase-rest/apache-tomcat-7.0.67/temp
Jan 01, 2016 3:54:07 PM org.apache.catalina.core.AprLifecycleListener lifecycleEvent
INFO: The APR based Apache Tomcat Native library which allows optimal performance in production environments was not found on the java.library.path: /usr/java/packages/lib/amd64:/usr/lib64:/lib64:/lib:/usr/lib
Jan 01, 2016 3:54:07 PM org.apache.coyote.AbstractProtocol init
INFO: Initializing ProtocolHandler ["http-bio-8086"]
Jan 01, 2016 3:54:07 PM org.apache.coyote.AbstractProtocol init
INFO: Initializing ProtocolHandler ["ajp-bio-8009"]
Jan 01, 2016 3:54:07 PM org.apache.catalina.startup.Catalina load
INFO: Initialization processed in 559 ms
Jan 01, 2016 3:54:07 PM org.apache.catalina.core.StandardService startInternal
INFO: Starting service Catalina
Jan 01, 2016 3:54:07 PM org.apache.catalina.core.StandardEngine startInternal
INFO: Starting Servlet Engine: Apache Tomcat/7.0.67
Jan 01, 2016 3:54:07 PM org.apache.catalina.startup.HostConfig deployWAR
INFO: Deploying web application archive /root/leaflet-hbase-rest/apache-tomcat-7.0.67/webapps/leaflet-hbase-rest.war
Jan 01, 2016 3:54:08 PM org.apache.catalina.startup.TldConfig execute
INFO: At least one JAR was scanned for TLDs yet contained no TLDs. Enable debug logging for this logger for a complete list of JARs that were scanned but no TLDs were found in them. Skipping unneeded JARs during scanning can improve startup time and JSP compilation time.
Jan 01, 2016 3:54:08 PM org.apache.catalina.startup.HostConfig deployWAR
INFO: Deployment of web application archive /root/leaflet-hbase-rest/apache-tomcat-7.0.67/webapps/leaflet-hbase-rest.war has finished in 429 ms
Jan 01, 2016 3:54:08 PM org.apache.catalina.startup.HostConfig deployDirectory
INFO: Deploying web application directory /root/leaflet-hbase-rest/apache-tomcat-7.0.67/webapps/host-manager
Jan 01, 2016 3:54:08 PM org.apache.catalina.startup.HostConfig deployDirectory
INFO: Deployment of web application directory /root/leaflet-hbase-rest/apache-tomcat-7.0.67/webapps/host-manager has finished in 49 ms
Jan 01, 2016 3:54:08 PM org.apache.catalina.startup.HostConfig deployDirectory
INFO: Deploying web application directory /root/leaflet-hbase-rest/apache-tomcat-7.0.67/webapps/examples
Jan 01, 2016 3:54:08 PM org.apache.catalina.startup.HostConfig deployDirectory
INFO: Deployment of web application directory /root/leaflet-hbase-rest/apache-tomcat-7.0.67/webapps/examples has finished in 261 ms
Jan 01, 2016 3:54:08 PM org.apache.catalina.startup.HostConfig deployDirectory
INFO: Deploying web application directory /root/leaflet-hbase-rest/apache-tomcat-7.0.67/webapps/docs
Jan 01, 2016 3:54:08 PM org.apache.catalina.startup.HostConfig deployDirectory
INFO: Deployment of web application directory /root/leaflet-hbase-rest/apache-tomcat-7.0.67/webapps/docs has finished in 37 ms
Jan 01, 2016 3:54:08 PM org.apache.catalina.startup.HostConfig deployDirectory
INFO: Deploying web application directory /root/leaflet-hbase-rest/apache-tomcat-7.0.67/webapps/manager
Jan 01, 2016 3:54:08 PM org.apache.catalina.startup.HostConfig deployDirectory
INFO: Deployment of web application directory /root/leaflet-hbase-rest/apache-tomcat-7.0.67/webapps/manager has finished in 51 ms
Jan 01, 2016 3:54:08 PM org.apache.catalina.startup.HostConfig deployDirectory
INFO: Deploying web application directory /root/leaflet-hbase-rest/apache-tomcat-7.0.67/webapps/ROOT
Jan 01, 2016 3:54:08 PM org.apache.catalina.startup.HostConfig deployDirectory
INFO: Deployment of web application directory /root/leaflet-hbase-rest/apache-tomcat-7.0.67/webapps/ROOT has finished in 31 ms
Jan 01, 2016 3:54:08 PM org.apache.coyote.AbstractProtocol start
INFO: Starting ProtocolHandler ["http-bio-8086"]
Jan 01, 2016 3:54:08 PM org.apache.coyote.AbstractProtocol start
INFO: Starting ProtocolHandler ["ajp-bio-8009"]
Jan 01, 2016 3:54:08 PM org.apache.catalina.startup.Catalina start
INFO: Server startup in 918 ms
Jan 01, 2016 4:01:15 PM org.apache.catalina.startup.VersionLoggerListener log
INFO: Server version:        Apache Tomcat/7.0.67
Jan 01, 2016 4:01:15 PM org.apache.catalina.startup.VersionLoggerListener log
INFO: Server built:          Dec 7 2015 13:07:11 UTC
Jan 01, 2016 4:01:15 PM org.apache.catalina.startup.VersionLoggerListener log
INFO: Server number:         7.0.67.0
Jan 01, 2016 4:01:15 PM org.apache.catalina.startup.VersionLoggerListener log
INFO: OS Name:               Linux
Jan 01, 2016 4:01:15 PM org.apache.catalina.startup.VersionLoggerListener log
INFO: OS Version:            2.6.32-504.30.3.el6.x86_64
Jan 01, 2016 4:01:15 PM org.apache.catalina.startup.VersionLoggerListener log
INFO: Architecture:          amd64
Jan 01, 2016 4:01:15 PM org.apache.catalina.startup.VersionLoggerListener log
INFO: Java Home:             /usr/lib/jvm/java-1.7.0-openjdk-1.7.0.85.x86_64/jre
Jan 01, 2016 4:01:15 PM org.apache.catalina.startup.VersionLoggerListener log
INFO: JVM Version:           1.7.0_85-mockbuild_2015_07_15_12_57-b00
Jan 01, 2016 4:01:15 PM org.apache.catalina.startup.VersionLoggerListener log
INFO: JVM Vendor:            Oracle Corporation
Jan 01, 2016 4:01:15 PM org.apache.catalina.startup.VersionLoggerListener log
INFO: CATALINA_BASE:         /root/leaflet-hbase-rest/apache-tomcat-7.0.67
Jan 01, 2016 4:01:15 PM org.apache.catalina.startup.VersionLoggerListener log
INFO: CATALINA_HOME:         /root/leaflet-hbase-rest/apache-tomcat-7.0.67
Jan 01, 2016 4:01:15 PM org.apache.catalina.startup.VersionLoggerListener log
INFO: Command line argument: -Djava.util.logging.config.file=/root/leaflet-hbase-rest/apache-tomcat-7.0.67/conf/logging.properties
Jan 01, 2016 4:01:15 PM org.apache.catalina.startup.VersionLoggerListener log
INFO: Command line argument: -Djava.util.logging.manager=org.apache.juli.ClassLoaderLogManager
Jan 01, 2016 4:01:15 PM org.apache.catalina.startup.VersionLoggerListener log
INFO: Command line argument: -Djava.endorsed.dirs=/root/leaflet-hbase-rest/apache-tomcat-7.0.67/endorsed
Jan 01, 2016 4:01:15 PM org.apache.catalina.startup.VersionLoggerListener log
INFO: Command line argument: -Dcatalina.base=/root/leaflet-hbase-rest/apache-tomcat-7.0.67
Jan 01, 2016 4:01:15 PM org.apache.catalina.startup.VersionLoggerListener log
INFO: Command line argument: -Dcatalina.home=/root/leaflet-hbase-rest/apache-tomcat-7.0.67
Jan 01, 2016 4:01:15 PM org.apache.catalina.startup.VersionLoggerListener log
INFO: Command line argument: -Djava.io.tmpdir=/root/leaflet-hbase-rest/apache-tomcat-7.0.67/temp
Jan 01, 2016 4:01:15 PM org.apache.catalina.core.AprLifecycleListener lifecycleEvent
INFO: The APR based Apache Tomcat Native library which allows optimal performance in production environments was not found on the java.library.path: /usr/java/packages/lib/amd64:/usr/lib64:/lib64:/lib:/usr/lib
Jan 01, 2016 4:01:15 PM org.apache.coyote.AbstractProtocol init
INFO: Initializing ProtocolHandler ["http-bio-8086"]
Jan 01, 2016 4:01:15 PM org.apache.coyote.AbstractProtocol init
INFO: Initializing ProtocolHandler ["ajp-bio-8009"]
Jan 01, 2016 4:01:15 PM org.apache.catalina.startup.Catalina load
INFO: Initialization processed in 518 ms
Jan 01, 2016 4:01:15 PM org.apache.catalina.core.StandardService startInternal
INFO: Starting service Catalina
Jan 01, 2016 4:01:15 PM org.apache.catalina.core.StandardEngine startInternal
INFO: Starting Servlet Engine: Apache Tomcat/7.0.67
Jan 01, 2016 4:01:15 PM org.apache.catalina.startup.HostConfig deployWAR
INFO: Deploying web application archive /root/leaflet-hbase-rest/apache-tomcat-7.0.67/webapps/leaflet-hbase-rest.war
Jan 01, 2016 4:01:16 PM org.apache.catalina.startup.TldConfig execute
INFO: At least one JAR was scanned for TLDs yet contained no TLDs. Enable debug logging for this logger for a complete list of JARs that were scanned but no TLDs were found in them. Skipping unneeded JARs during scanning can improve startup time and JSP compilation time.
Jan 01, 2016 4:01:16 PM org.apache.catalina.startup.HostConfig deployWAR
INFO: Deployment of web application archive /root/leaflet-hbase-rest/apache-tomcat-7.0.67/webapps/leaflet-hbase-rest.war has finished in 429 ms
Jan 01, 2016 4:01:16 PM org.apache.catalina.startup.HostConfig deployDirectory
INFO: Deploying web application directory /root/leaflet-hbase-rest/apache-tomcat-7.0.67/webapps/host-manager
Jan 01, 2016 4:01:16 PM org.apache.catalina.startup.HostConfig deployDirectory
INFO: Deployment of web application directory /root/leaflet-hbase-rest/apache-tomcat-7.0.67/webapps/host-manager has finished in 65 ms
Jan 01, 2016 4:01:16 PM org.apache.catalina.startup.HostConfig deployDirectory
INFO: Deploying web application directory /root/leaflet-hbase-rest/apache-tomcat-7.0.67/webapps/examples
Jan 01, 2016 4:01:16 PM org.apache.catalina.startup.HostConfig deployDirectory
INFO: Deployment of web application directory /root/leaflet-hbase-rest/apache-tomcat-7.0.67/webapps/examples has finished in 281 ms
Jan 01, 2016 4:01:16 PM org.apache.catalina.startup.HostConfig deployDirectory
INFO: Deploying web application directory /root/leaflet-hbase-rest/apache-tomcat-7.0.67/webapps/docs
Jan 01, 2016 4:01:16 PM org.apache.catalina.startup.HostConfig deployDirectory
INFO: Deployment of web application directory /root/leaflet-hbase-rest/apache-tomcat-7.0.67/webapps/docs has finished in 36 ms
Jan 01, 2016 4:01:16 PM org.apache.catalina.startup.HostConfig deployDirectory
INFO: Deploying web application directory /root/leaflet-hbase-rest/apache-tomcat-7.0.67/webapps/manager
Jan 01, 2016 4:01:16 PM org.apache.catalina.startup.HostConfig deployDirectory
INFO: Deployment of web application directory /root/leaflet-hbase-rest/apache-tomcat-7.0.67/webapps/manager has finished in 41 ms
Jan 01, 2016 4:01:16 PM org.apache.catalina.startup.HostConfig deployDirectory
INFO: Deploying web application directory /root/leaflet-hbase-rest/apache-tomcat-7.0.67/webapps/ROOT
Jan 01, 2016 4:01:16 PM org.apache.catalina.startup.HostConfig deployDirectory
INFO: Deployment of web application directory /root/leaflet-hbase-rest/apache-tomcat-7.0.67/webapps/ROOT has finished in 38 ms
Jan 01, 2016 4:01:16 PM org.apache.coyote.AbstractProtocol start
INFO: Starting ProtocolHandler ["http-bio-8086"]
Jan 01, 2016 4:01:16 PM org.apache.coyote.AbstractProtocol start
INFO: Starting ProtocolHandler ["ajp-bio-8009"]
Jan 01, 2016 4:01:16 PM org.apache.catalina.startup.Catalina start
INFO: Server startup in 959 ms
Jan 01, 2016 4:04:44 PM org.apache.coyote.AbstractProtocol pause
INFO: Pausing ProtocolHandler ["http-bio-8086"]
Jan 01, 2016 4:04:46 PM org.apache.coyote.AbstractProtocol pause
INFO: Pausing ProtocolHandler ["ajp-bio-8009"]
